
      euler2a integrator

         t   u1(num)    u1(ex)        diff1
             u2(num)    u2(ex)        diff2

      0.00   0.00000   0.00000   0.0000E+00
             2.00000   2.00000   0.0000E+00

      1.00   0.36784   0.36783   0.5354E-05
             0.36793   0.36792   0.7001E-05

      2.00   0.13534   0.13534   0.4545E-05
             0.13534   0.13534   0.4545E-05

      3.00   0.04979   0.04979   0.2508E-05
             0.04979   0.04979   0.2508E-05

      4.00   0.01832   0.01832   0.1230E-05
             0.01832   0.01832   0.1230E-05

      5.00   0.00674   0.00674   0.5657E-06
             0.00674   0.00674   0.5657E-06


      euler2b integrator

         t   u1(num)    u1(ex)        diff1
             u2(num)    u2(ex)        diff2

      0.00   0.00000   0.00000   0.0000E+00
             2.00000   2.00000   0.0000E+00

      1.00   0.36784   0.36783   0.5456E-05
             0.36793   0.36792   0.7136E-05

      2.00   0.13534   0.13534   0.4632E-05
             0.13534   0.13534   0.4632E-05

      3.00   0.04979   0.04979   0.2658E-05
             0.04979   0.04979   0.2658E-05

      4.00   0.01832   0.01832   0.1947E-05
             0.01832   0.01832   0.1947E-05

      5.00   0.00674   0.00674   0.1839E-05
             0.00674   0.00674   0.1839E-05


      rkc4a integrator

         t   u1(num)    u1(ex)        diff1
             u2(num)    u2(ex)        diff2

      0.00   0.00000   0.00000   0.0000E+00
             2.00000   2.00000   0.0000E+00

      1.00   0.36783   0.36783  -0.3803E-09
             0.36792   0.36792   0.4422E-09

      2.00   0.13534   0.13534   0.2271E-10
             0.13534   0.13534   0.2278E-10

      3.00   0.04979   0.04979   0.1255E-10
             0.04979   0.04979   0.1255E-10

      4.00   0.01832   0.01832   0.6156E-11
             0.01832   0.01832   0.6156E-11

      5.00   0.00674   0.00674   0.2831E-11
             0.00674   0.00674   0.2831E-11


      rkc4b integrator

         t   u1(num)    u1(ex)        diff1
             u2(num)    u2(ex)        diff2

      0.00   0.00000   0.00000   0.0000E+00
             2.00000   2.00000   0.0000E+00

      1.00   0.36783   0.36783  -0.1801E-07
             0.36792   0.36792   0.2037E-07

      2.00   0.13534   0.13534   0.1535E-08
             0.13534   0.13534   0.1541E-08

      3.00   0.04979   0.04979   0.7235E-08
             0.04979   0.04979   0.7235E-08

      4.00   0.01832   0.01832   0.5115E-08
             0.01832   0.01832   0.5115E-08

      5.00   0.00674   0.00674   0.1710E-07
             0.00674   0.00674   0.1710E-07


      rkf45a integrator

         t   u1(num)    u1(ex)        diff1
             u2(num)    u2(ex)        diff2

      0.00   0.00000   0.00000   0.0000E+00
             2.00000   2.00000   0.0000E+00

      1.00   0.36783   0.36783   0.4425E-11
             0.36792   0.36792  -0.4491E-11

      2.00   0.13534   0.13534  -0.2412E-13
             0.13534   0.13534  -0.2487E-13

      3.00   0.04979   0.04979  -0.1357E-13
             0.04979   0.04979  -0.1359E-13

      4.00   0.01832   0.01832  -0.6665E-14
             0.01832   0.01832  -0.6665E-14

      5.00   0.00674   0.00674  -0.3074E-14
             0.00674   0.00674  -0.3074E-14


      rkf45b integrator

         t   u1(num)    u1(ex)        diff1
             u2(num)    u2(ex)        diff2

      0.00   0.00000   0.00000   0.0000E+00
             2.00000   2.00000   0.0000E+00

      1.00   0.36783   0.36783   0.8641E-06
             0.36792   0.36792  -0.8701E-06

      2.00   0.13534   0.13534  -0.1452E-06
             0.13534   0.13534  -0.1489E-06

      3.00   0.04978   0.04979  -0.2150E-05
             0.04978   0.04979  -0.2139E-05

      4.00   0.01831   0.01832  -0.1685E-05
             0.01831   0.01832  -0.1430E-05

      5.00   0.00673   0.00674  -0.3822E-05
             0.00674   0.00674   0.2111E-05

