

      euler2a integrator

         t   u1(num)    u1(ex)        diff1

      0.00   1.00000   1.00000   0.0000E+00
      1.00   1.88160   1.88160  -0.6467E-07
      2.00   2.37421   2.37421   0.3879E-05
      3.00   2.58627   2.58626   0.6033E-05
      4.00   2.66895   2.66895   0.6924E-05
      5.00   2.70004   2.70003   0.7265E-05


      euler2b integrator

         t   u1(num)    u1(ex)        diff1

      0.00   1.00000   1.00000   0.0000E+00
      1.00   1.88159   1.88160  -0.6220E-05
      2.00   2.37421   2.37421  -0.3778E-05
      3.00   2.58626   2.58626   0.2933E-06
      4.00   2.66895   2.66895   0.3665E-05
      5.00   2.70003   2.70003   0.6249E-05


      rkc4a integrator

         t   u1(num)    u1(ex)        diff1

      0.00   1.00000   1.00000   0.0000E+00
      1.00   1.88160   1.88160  -0.2719E-10
      2.00   2.37421   2.37421  -0.3267E-10
      3.00   2.58626   2.58626  -0.3483E-10
      4.00   2.66895   2.66895  -0.3565E-10
      5.00   2.70003   2.70003  -0.3595E-10


      rkc4b integrator

         t   u1(num)    u1(ex)        diff1

      0.00   1.00000   1.00000   0.0000E+00
      1.00   1.88160   1.88160  -0.4263E-07
      2.00   2.37421   2.37421   0.6877E-07
      3.00   2.58626   2.58626   0.9303E-07
      4.00   2.66895   2.66895   0.1030E-06
      5.00   2.70003   2.70003   0.1462E-06


      rkf45a integrator

         t   u1(num)    u1(ex)        diff1

      0.00   1.00000   1.00000   0.0000E+00
      1.00   1.88160   1.88160   0.6661E-15
      2.00   2.37421   2.37421   0.2665E-14
      3.00   2.58626   2.58626   0.1332E-14
      4.00   2.66895   2.66895   0.1332E-14
      5.00   2.70003   2.70003  -0.1332E-14


      rkf45b integrator

         t   u1(num)    u1(ex)        diff1

      0.00   1.00000   1.00000   0.0000E+00
      1.00   1.88159   1.88160  -0.3287E-05
      2.00   2.37421   2.37421  -0.4603E-05
      3.00   2.58626   2.58626  -0.5037E-05
      4.00   2.66894   2.66895  -0.5168E-05
      5.00   2.70002   2.70003  -0.5212E-05
