

 euler2a integrator

 ncase =  1 neqn = 22

 t u(1) u(im) u(neqn)
   0.0    298.00    298.00    298.00
  33.3   1987.96   1002.15    394.17
  66.7   1991.05   1218.09    622.84
 100.0   1992.55   1345.04    834.65
 133.3   1993.72   1447.20   1015.31
 166.7   1994.70   1533.03   1168.10


 euler2b integrator

 ncase =  2 neqn = 22

 t u(1) u(im) u(neqn)
   0.0    298.00    298.00    298.00
  33.3   1987.93   1002.11    394.14
  66.7   1991.00   1217.92    622.58
 100.0   1992.54   1344.68    834.02
 133.3   1993.68   1446.70   1014.43
 166.7   1994.65   1532.29   1166.78


 rkc4a integrator

 ncase =  3 neqn = 22

 t u(1) u(im) u(neqn)
   0.0    298.00    298.00    298.00
  33.3   1987.96   1002.16    394.17
  66.7   1991.05   1218.10    622.85
 100.0   1992.55   1345.05    834.66
 133.3   1993.72   1447.20   1015.32
 166.7   1994.70   1533.03   1168.10


 rkc4b integrator

 ncase =  4 neqn = 22

 t u(1) u(im) u(neqn)
   0.0    298.00    298.00    298.00
  33.3   1986.00   1002.16    394.17
  66.7   1991.04   1217.94    622.61
 100.0   1992.35   1344.91    834.42
 133.3   1993.56   1446.90   1014.78
 166.7   1994.69   1532.53   1167.22


 rkf45a integrator

 ncase =  5 neqn = 22

 t u(1) u(im) u(neqn)
   0.0    298.00    298.00    298.00
  33.3   1987.96   1002.16    394.17
  66.7   1991.05   1218.10    622.85
 100.0   1992.55   1345.05    834.66
 133.3   1993.72   1447.20   1015.32
 166.7   1994.70   1533.03   1168.10


 rkf45b integrator

 ncase =  6 neqn = 22

 t u(1) u(im) u(neqn)
   0.0    298.00    298.00    298.00
  33.3   1988.02   1002.16    394.17
  66.7   1991.28   1218.10    622.85
 100.0   1992.55   1345.05    834.66
 133.3   1993.94   1447.02   1014.99
 166.7   1994.68   1532.63   1167.40
