
      euler2a integrator

         t   u1(num)    u1(ex)        diff1
             u2(num)    u2(ex)        diff2

      0.00   0.00000   0.00000   0.0000E+00
             2.00000   2.00000   0.0000E+00

      3.00   0.04981   0.04979   0.2292E-04
             0.04981   0.04979   0.2292E-04

      6.00   0.00248   0.00248   0.2283E-05
             0.00248   0.00248   0.2283E-05

      9.00   0.00012   0.00012   0.1705E-06
             0.00012   0.00012   0.1705E-06

     12.00   0.00001   0.00001   0.1132E-07
             0.00001   0.00001   0.1132E-07

     15.00   0.00000   0.00000   0.7048E-09
             0.00000   0.00000   0.7048E-09


      euler2b integrator

         t   u1(num)    u1(ex)        diff1
             u2(num)    u2(ex)        diff2

      0.00   0.00000   0.00000   0.0000E+00
             2.00000   2.00000   0.0000E+00

      3.00   0.04981   0.04979   0.2337E-04
             0.04981   0.04979   0.2337E-04

      6.00   0.00248   0.00248   0.3196E-05
             0.00248   0.00248   0.3196E-05

      9.00   0.00012   0.00012   0.1561E-05
             0.00012   0.00012   0.1561E-05

     12.00   0.00001   0.00001   0.1358E-05
             0.00001   0.00001   0.1358E-05

     15.00   0.00000   0.00000   0.8984E-06
             0.00000   0.00000   0.8984E-06


      rkc4a integrator

         t   u1(num)    u1(ex)        diff1
             u2(num)    u2(ex)        diff2

      0.00   0.00000   0.00000   0.0000E+00
             2.00000   2.00000   0.0000E+00

      3.00   0.04979   0.04979   0.1034E-08
             0.04979   0.04979   0.1034E-08

      6.00   0.00248   0.00248   0.1029E-09
             0.00248   0.00248   0.1029E-09

      9.00   0.00012   0.00012   0.7687E-11
             0.00012   0.00012   0.7687E-11

     12.00   0.00001   0.00001   0.5103E-12
             0.00001   0.00001   0.5103E-12

     15.00   0.00000   0.00000   0.3176E-13
             0.00000   0.00000   0.3176E-13


      rkc4b integrator

         t   u1(num)    u1(ex)        diff1
             u2(num)    u2(ex)        diff2

      0.00   0.00000   0.00000   0.0000E+00
             2.00000   2.00000   0.0000E+00

      3.00   0.04979   0.04979   0.6897E-08
             0.04979   0.04979   0.6897E-08

      6.00   0.00248   0.00248   0.1607E-07
             0.00248   0.00248   0.1607E-07

      9.00   0.00012   0.00012   0.3491E-07
             0.00012   0.00012   0.3491E-07

     12.00   0.00001   0.00001   0.9356E-07
             0.00001   0.00001   0.9356E-07

     15.00   0.00000   0.00000   0.1605E-06
             0.00000   0.00000   0.1605E-06


      rkf45a integrator

         t   u1(num)    u1(ex)        diff1
             u2(num)    u2(ex)        diff2

      0.00   0.00000   0.00000   0.0000E+00
             2.00000   2.00000   0.0000E+00

      3.00   0.04979   0.04979  -0.3374E-11
             0.04979   0.04979  -0.3374E-11

      6.00   0.00248   0.00248  -0.3360E-12
             0.00248   0.00248  -0.3360E-12

      9.00   0.00012   0.00012  -0.2509E-13
             0.00012   0.00012  -0.2509E-13

     12.00   0.00001   0.00001  -0.1666E-14
             0.00001   0.00001  -0.1666E-14

     15.00   0.00000   0.00000  -0.1037E-15
             0.00000   0.00000  -0.1037E-15


      rkf45b integrator

         t   u1(num)    u1(ex)        diff1
             u2(num)    u2(ex)        diff2

      0.00   0.00000   0.00000   0.0000E+00
             2.00000   2.00000   0.0000E+00

      3.00   0.04979   0.04979  -0.1971E-05
             0.04978   0.04979  -0.2131E-05

      6.00   0.00248   0.00248   0.1709E-07
             0.00248   0.00248  -0.3556E-06

      9.00   0.00012   0.00012   0.4205E-06
             0.00012   0.00012  -0.4440E-06

     12.00   0.00001   0.00001   0.1002E-05
             0.00001   0.00001  -0.1003E-05

     15.00   0.00000   0.00000   0.2326E-05
            -0.00000   0.00000  -0.2326E-05

