

 euler2a integrator

 ncase = 1 neqn = 21

    t    u1(num)     u1(ex)        diff1

 0.00   1.000000   1.000000   0.0000E+00
 0.20   0.139478   0.138911   0.5673E-03
 0.40   0.019454   0.019296   0.1579E-03
 0.60   0.002713   0.002680   0.3298E-04
 0.80   0.000378   0.000372   0.6120E-05
 1.00   0.000053   0.000052   0.1065E-05


 euler2b integrator

 ncase = 2 neqn = 21

    t    u1(num)     u1(ex)        diff1

 0.00   1.000000   1.000000   0.0000E+00
 0.20   0.139530   0.138911   0.6189E-03
 0.40   0.019464   0.019296   0.1676E-03
 0.60   0.002719   0.002680   0.3824E-04
 0.80   0.000382   0.000372   0.9299E-05
 1.00   0.000059   0.000052   0.7055E-05


 rkc4a integrator

 ncase = 3 neqn = 21

    t    u1(num)     u1(ex)        diff1

 0.00   1.000000   1.000000   0.0000E+00
 0.20   0.139476   0.138911   0.5645E-03
 0.40   0.019453   0.019296   0.1571E-03
 0.60   0.002713   0.002680   0.3281E-04
 0.80   0.000378   0.000372   0.6089E-05
 1.00   0.000053   0.000052   0.1059E-05


 rkc4b integrator

 ncase = 4 neqn = 21

    t    u1(num)     u1(ex)        diff1

 0.00   1.000000   1.000000   0.0000E+00
 0.20   0.139479   0.138911   0.5675E-03
 0.40   0.019454   0.019296   0.1574E-03
 0.60   0.002714   0.002680   0.3368E-04
 0.80   0.000380   0.000372   0.7393E-05
 1.00   0.000054   0.000052   0.2076E-05


 rkf45a integrator

 ncase = 5 neqn = 21

    t    u1(num)     u1(ex)        diff1

 0.00   1.000000   1.000000   0.0000E+00
 0.20   0.139476   0.138911   0.5645E-03
 0.40   0.019453   0.019296   0.1571E-03
 0.60   0.002713   0.002680   0.3281E-04
 0.80   0.000378   0.000372   0.6089E-05
 1.00   0.000053   0.000052   0.1059E-05


 rkf45b integrator

 ncase = 6 neqn = 21

    t    u1(num)     u1(ex)        diff1

 0.00   1.000000   1.000000   0.0000E+00
 0.20   0.139484   0.138911   0.5732E-03
 0.40   0.019453   0.019296   0.1571E-03
 0.60   0.002713   0.002680   0.3281E-04
 0.80   0.000378   0.000372   0.6090E-05
 1.00   0.000051   0.000052  -0.5098E-06
